<?xml version="1.0" encoding="UTF-8"?>
<!-- Generated by org.testng.reporters.JUnitReportReporter -->
<testsuite hostname="swaraj" name="tableandcalendercontrol.TestngGmail" tests="2" failures="0" timestamp="11 Oct 2019 13:48:00 GMT" time="62.784" errors="0">
  <testcase name="getTitle" time="30.074" classname="tableandcalendercontrol.TestngGmail"/>
  <testcase name="sendmail" time="32.710" classname="tableandcalendercontrol.TestngGmail"/>
</testsuite> <!-- tableandcalendercontrol.TestngGmail -->
